<databaseChangeLog
        xmlns="http://www.liquibase.org/xml/ns/dbchangelog"
        xmlns:xsi="http://www.w3.org/2001/XMLSchema-instance"
        xsi:schemaLocation="http://www.liquibase.org/xml/ns/dbchangelog
        http://www.liquibase.org/xml/ns/dbchangelog/dbchangelog-3.8.xsd">

    <changeSet id="3" author="misha">
        <insert tableName="bank">
            <column name="id" value="1"/>
            <column name="name" value="MonoBank"/>
            <column name="total_amount" value="100000"/>
        </insert>
        <insert tableName="bank">
            <column name="id" value="2"/>
            <column name="name" value="PrivatBank"/>
            <column name="total_amount" value="200000"/>
        </insert>
        <insert tableName="users">
            <column name="id" value="1"/>
            <column name="name" value="Ivan"/>
            <column name="surname" value="Petrenko"/>
            <column name="bank_id" value="1"/>
        </insert>
        <insert tableName="users">
            <column name="id" value="2"/>
            <column name="name" value="Olena"/>
            <column name="surname" value="Shevchenko"/>
            <column name="bank_id" value="1"/>
        </insert>
        <insert tableName="users">
            <column name="id" value="3"/>
            <column name="name" value="Taras"/>
            <column name="surname" value="Kovalchuk"/>
            <column name="bank_id" value="2"/>
        </insert>
    </changeSet>
</databaseChangeLog>
